   1              		.cpu arm7tdmi
   2              		.fpu softvfp
   3              		.eabi_attribute 20, 1
   4              		.eabi_attribute 21, 1
   5              		.eabi_attribute 23, 3
   6              		.eabi_attribute 24, 1
   7              		.eabi_attribute 25, 1
   8              		.eabi_attribute 26, 1
   9              		.eabi_attribute 30, 6
  10              		.eabi_attribute 18, 4
  11              		.file	"main.c"
  21              	.Ltext0:
  22              		.file 1 "../main.c"
 1895              		.align	2
 1898              	str_send:
 1899 0000 0A534544 		.ascii	"\012SED-P4 >\000"
 1899      2D503420 
 1899      3E00
 1900              		.global	str_error
 1901 000a 0000     		.align	2
 1904              	str_error:
 1905 000c 0A536520 		.ascii	"\012Se ha producido un desbordamiento!\012\000\000"
 1905      68612070 
 1905      726F6475 
 1905      6369646F 
 1905      20756E20 
 1906 0032 00000000 		.space	12
 1906      00000000 
 1906      00000000 
 1907              		.comm	str,256,4
 1908 003e 0000     		.text
 1909              		.align	2
 1910              		.global	Main
 1912              	Main:
 1913              	.LFB0:
   1:../main.c     **** /*--- ficheros de cabecera ---*/
   2:../main.c     **** #include "44blib.h"
   3:../main.c     **** #include "44b.h"
   4:../main.c     **** #include "uart.h"
   5:../main.c     **** /*--- Externas ---*/
   6:../main.c     ****  extern void Eint4567_init(void);
   7:../main.c     ****  extern void keyboard_init();
   8:../main.c     ****  extern void D8Led_init(void);
   9:../main.c     ****  extern void D8Led_symbol(int value);
  10:../main.c     **** /*--- declaracion de funciones ---*/
  11:../main.c     **** int Main(void);
  12:../main.c     **** 
  13:../main.c     **** /*--- variables globales ---*/
  14:../main.c     **** char str_send[10] = "\nSED-P4 >\0";
  15:../main.c     **** char str_error[50] = "\nSe ha producido un desbordamiento!\n\0";
  16:../main.c     **** char str[256];
  17:../main.c     **** 
  18:../main.c     **** /*--- codigo de la funcion ---*/
  19:../main.c     **** int Main(void){
 1914              		.loc 1 19 0
 1915              		.cfi_startproc
 1916              		@ Function supports interworking.
 1917              		@ args = 0, pretend = 0, frame = 8
 1918              		@ frame_needed = 1, uses_anonymous_args = 0
 1919 0000 0DC0A0E1 		mov	ip, sp
 1920              	.LCFI0:
 1921              		.cfi_def_cfa_register 12
 1922 0004 00D82DE9 		stmfd	sp!, {fp, ip, lr, pc}
 1923 0008 04B04CE2 		sub	fp, ip, #4
 1924              		.cfi_offset 14, -8
 1925              		.cfi_offset 13, -12
 1926              		.cfi_offset 11, -16
 1927              	.LCFI1:
 1928              		.cfi_def_cfa 11, 4
 1929 000c 08D04DE2 		sub	sp, sp, #8
  20:../main.c     **** 
  21:../main.c     **** 	char *pt_str = str;
 1930              		.loc 1 21 0
 1931 0010 A0309FE5 		ldr	r3, .L5
 1932 0014 10300BE5 		str	r3, [fp, #-16]
  22:../main.c     **** 
  23:../main.c     **** 	sys_init(); // inicializacion de la placa, interrupciones, puertos
 1933              		.loc 1 23 0
 1934 0018 FEFFFFEB 		bl	sys_init
  24:../main.c     **** 
  25:../main.c     ****     //Inicializamos los botones
  26:../main.c     ****     rPCONG = rPCONG & 0xffff0fff;
 1935              		.loc 1 26 0
 1936 001c 98309FE5 		ldr	r3, .L5+4
 1937 0020 94209FE5 		ldr	r2, .L5+4
 1938 0024 002092E5 		ldr	r2, [r2, #0]
 1939 0028 0F2AC2E3 		bic	r2, r2, #61440
 1940 002c 002083E5 		str	r2, [r3, #0]
  27:../main.c     ****     rPUPG = 0;
 1941              		.loc 1 27 0
 1942 0030 88309FE5 		ldr	r3, .L5+8
 1943 0034 0020A0E3 		mov	r2, #0
 1944 0038 002083E5 		str	r2, [r3, #0]
  28:../main.c     **** 
  29:../main.c     ****     Eint4567_init();
 1945              		.loc 1 29 0
 1946 003c FEFFFFEB 		bl	Eint4567_init
  30:../main.c     **** 
  31:../main.c     ****     //keyboard_init();
  32:../main.c     **** 
  33:../main.c     ****     D8Led_init();
 1947              		.loc 1 33 0
 1948 0040 FEFFFFEB 		bl	D8Led_init
  34:../main.c     ****     D8Led_symbol(0);
 1949              		.loc 1 34 0
 1950 0044 0000A0E3 		mov	r0, #0
 1951 0048 FEFFFFEB 		bl	D8Led_symbol
  35:../main.c     **** 
  36:../main.c     ****     leds_off();
 1952              		.loc 1 36 0
 1953 004c FEFFFFEB 		bl	leds_off
  37:../main.c     **** 
  38:../main.c     **** 	Uart_Init(115200); 		// inicializacion de la Uart
 1954              		.loc 1 38 0
 1955 0050 6C009FE5 		ldr	r0, .L5+12
 1956 0054 FEFFFFEB 		bl	Uart_Init
  39:../main.c     **** 	Uart_Config(); 			// configuración de interrupciones y buffers
 1957              		.loc 1 39 0
 1958 0058 FEFFFFEB 		bl	Uart_Config
 1959              	.L4:
  40:../main.c     **** 
  41:../main.c     **** 
  42:../main.c     **** 	while( 1 ) {
  43:../main.c     **** 
  44:../main.c     **** 		*pt_str = Uart1_Getch(); // leer caracter del pc
 1960              		.loc 1 44 0
 1961 005c FEFFFFEB 		bl	Uart1_Getch
 1962 0060 0030A0E1 		mov	r3, r0
 1963 0064 0320A0E1 		mov	r2, r3
 1964 0068 10301BE5 		ldr	r3, [fp, #-16]
 1965 006c 0020C3E5 		strb	r2, [r3, #0]
  45:../main.c     **** 
  46:../main.c     **** 		if ( *pt_str == CR_LEFT) {
 1966              		.loc 1 46 0
 1967 0070 10301BE5 		ldr	r3, [fp, #-16]
 1968 0074 0030D3E5 		ldrb	r3, [r3, #0]	@ zero_extendqisi2
 1969 0078 4C0053E3 		cmp	r3, #76
 1970 007c 0200001A 		bne	.L2
 1971              	.LBB2:
  47:../main.c     **** 			leds_off();
 1972              		.loc 1 47 0
 1973 0080 FEFFFFEB 		bl	leds_off
  48:../main.c     **** 			led1_on();
 1974              		.loc 1 48 0
 1975 0084 FEFFFFEB 		bl	led1_on
 1976 0088 050000EA 		b	.L3
 1977              	.L2:
 1978              	.LBE2:
  49:../main.c     **** 		}
  50:../main.c     **** 		else if ( *pt_str == CR_RIGHT) {
 1979              		.loc 1 50 0
 1980 008c 10301BE5 		ldr	r3, [fp, #-16]
 1981 0090 0030D3E5 		ldrb	r3, [r3, #0]	@ zero_extendqisi2
 1982 0094 520053E3 		cmp	r3, #82
 1983 0098 0100001A 		bne	.L3
 1984              	.LBB3:
  51:../main.c     **** 			leds_off();
 1985              		.loc 1 51 0
 1986 009c FEFFFFEB 		bl	leds_off
  52:../main.c     **** 			led2_on();
 1987              		.loc 1 52 0
 1988 00a0 FEFFFFEB 		bl	led2_on
 1989              	.L3:
 1990              	.LBE3:
  53:../main.c     **** 		}
  54:../main.c     **** 
  55:../main.c     **** 		Uart0_Printf(*pt_str);
 1991              		.loc 1 55 0
 1992 00a4 10301BE5 		ldr	r3, [fp, #-16]
 1993 00a8 0030D3E5 		ldrb	r3, [r3, #0]	@ zero_extendqisi2
 1994 00ac 0300A0E1 		mov	r0, r3
 1995 00b0 FEFFFFEB 		bl	Uart0_Printf
  56:../main.c     **** 
  57:../main.c     **** 	}
 1996              		.loc 1 57 0
 1997 00b4 E8FFFFEA 		b	.L4
 1998              	.L6:
 1999              		.align	2
 2000              	.L5:
 2001 00b8 00000000 		.word	str
 2002 00bc 4000D201 		.word	30539840
 2003 00c0 4800D201 		.word	30539848
 2004 00c4 00C20100 		.word	115200
 2005              		.cfi_endproc
 2006              	.LFE0:
 2008              	.Letext0:
DEFINED SYMBOLS
                            *ABS*:00000000 main.c
C:\Users\USUARI~1\AppData\Local\Temp\cc3mAMtl.s:1898   .data:00000000 str_send
C:\Users\USUARI~1\AppData\Local\Temp\cc3mAMtl.s:1895   .data:00000000 $d
C:\Users\USUARI~1\AppData\Local\Temp\cc3mAMtl.s:1904   .data:0000000c str_error
                            *COM*:00000100 str
C:\Users\USUARI~1\AppData\Local\Temp\cc3mAMtl.s:1909   .text:00000000 $a
C:\Users\USUARI~1\AppData\Local\Temp\cc3mAMtl.s:1912   .text:00000000 Main
C:\Users\USUARI~1\AppData\Local\Temp\cc3mAMtl.s:2001   .text:000000b8 $d
                     .debug_frame:00000010 $d

UNDEFINED SYMBOLS
sys_init
Eint4567_init
D8Led_init
D8Led_symbol
leds_off
Uart_Init
Uart_Config
Uart1_Getch
led1_on
led2_on
Uart0_Printf
