   1              		.cpu arm7tdmi
   2              		.fpu softvfp
   3              		.eabi_attribute 20, 1
   4              		.eabi_attribute 21, 1
   5              		.eabi_attribute 23, 3
   6              		.eabi_attribute 24, 1
   7              		.eabi_attribute 25, 1
   8              		.eabi_attribute 26, 1
   9              		.eabi_attribute 30, 6
  10              		.eabi_attribute 18, 4
  11              		.file	"main.c"
  21              	.Ltext0:
  22              		.file 1 "../main.c"
 1939              		.align	2
 1940              		.global	Main
 1942              	Main:
 1943              	.LFB0:
   1:../main.c     **** #include "s3cev40.h"
   2:../main.c     **** #include "common_types.h"
   3:../main.c     **** #include "at24c04.h"
   4:../main.c     **** #include "44b.h"
   5:../main.c     **** 
   6:../main.c     **** extern void sys_init();
   7:../main.c     **** extern void iic_init();
   8:../main.c     **** extern void D8Led_symbol(int value);
   9:../main.c     **** 
  10:../main.c     **** 
  11:../main.c     **** int estado;
  12:../main.c     **** uint16 direccion;
  13:../main.c     **** uint8 dato;
  14:../main.c     **** 
  15:../main.c     **** 
  16:../main.c     **** void Main( void )
  17:../main.c     **** {
 1944              		.loc 1 17 0
 1945              		.cfi_startproc
 1946              		@ Function supports interworking.
 1947              		@ args = 0, pretend = 0, frame = 512
 1948              		@ frame_needed = 1, uses_anonymous_args = 0
 1949 0000 0DC0A0E1 		mov	ip, sp
 1950              	.LCFI0:
 1951              		.cfi_def_cfa_register 12
 1952 0004 00D82DE9 		stmfd	sp!, {fp, ip, lr, pc}
 1953 0008 04B04CE2 		sub	fp, ip, #4
 1954              		.cfi_offset 14, -8
 1955              		.cfi_offset 13, -12
 1956              		.cfi_offset 11, -16
 1957              	.LCFI1:
 1958              		.cfi_def_cfa 11, 4
 1959 000c 02DC4DE2 		sub	sp, sp, #512
  18:../main.c     **** 
  19:../main.c     **** 	estado = 0;
 1960              		.loc 1 19 0
 1961 0010 5C309FE5 		ldr	r3, .L3
 1962 0014 0020A0E3 		mov	r2, #0
 1963 0018 002083E5 		str	r2, [r3, #0]
  20:../main.c     **** 	direccion = 0;
 1964              		.loc 1 20 0
 1965 001c 54309FE5 		ldr	r3, .L3+4
 1966 0020 0020A0E3 		mov	r2, #0
 1967 0024 B020C3E1 		strh	r2, [r3, #0]	@ movhi
  21:../main.c     **** 	dato = 0;
 1968              		.loc 1 21 0
 1969 0028 4C309FE5 		ldr	r3, .L3+8
 1970 002c 0020A0E3 		mov	r2, #0
 1971 0030 0020C3E5 		strb	r2, [r3, #0]
  22:../main.c     ****     uint8 buffer[AT24C04_DEPTH];
  23:../main.c     ****     uint16 i;
  24:../main.c     ****     
  25:../main.c     ****     sys_init();
 1972              		.loc 1 25 0
 1973 0034 FEFFFFEB 		bl	sys_init
  26:../main.c     **** 
  27:../main.c     ****     //Inicializamos los botones
  28:../main.c     ****     rPCONG = rPCONG & 0xffff0fff;
 1974              		.loc 1 28 0
 1975 0038 40309FE5 		ldr	r3, .L3+12
 1976 003c 3C209FE5 		ldr	r2, .L3+12
 1977 0040 002092E5 		ldr	r2, [r2, #0]
 1978 0044 0F2AC2E3 		bic	r2, r2, #61440
 1979 0048 002083E5 		str	r2, [r3, #0]
  29:../main.c     ****     rPUPG = 0;
 1980              		.loc 1 29 0
 1981 004c 30309FE5 		ldr	r3, .L3+16
 1982 0050 0020A0E3 		mov	r2, #0
 1983 0054 002083E5 		str	r2, [r3, #0]
  30:../main.c     **** 
  31:../main.c     ****     Eint4567_init();
 1984              		.loc 1 31 0
 1985 0058 FEFFFFEB 		bl	Eint4567_init
  32:../main.c     **** 
  33:../main.c     ****     keyboard_init();
 1986              		.loc 1 33 0
 1987 005c FEFFFFEB 		bl	keyboard_init
  34:../main.c     ****     iic_init();
 1988              		.loc 1 34 0
 1989 0060 FEFFFFEB 		bl	iic_init
  35:../main.c     **** 
  36:../main.c     ****     D8Led_init();
 1990              		.loc 1 36 0
 1991 0064 FEFFFFEB 		bl	D8Led_init
  37:../main.c     ****     D8Led_symbol(0);
 1992              		.loc 1 37 0
 1993 0068 0000A0E3 		mov	r0, #0
 1994 006c FEFFFFEB 		bl	D8Led_symbol
 1995              	.L2:
  38:../main.c     **** 
  39:../main.c     ****     while( 1 ) {}
 1996              		.loc 1 39 0 discriminator 1
 1997 0070 FEFFFFEA 		b	.L2
 1998              	.L4:
 1999              		.align	2
 2000              	.L3:
 2001 0074 00000000 		.word	estado
 2002 0078 00000000 		.word	direccion
 2003 007c 00000000 		.word	dato
 2004 0080 4000D201 		.word	30539840
 2005 0084 4800D201 		.word	30539848
 2006              		.cfi_endproc
 2007              	.LFE0:
 2009              	.Letext0:
DEFINED SYMBOLS
                            *ABS*:00000000 main.c
                            *COM*:00000004 estado
                            *COM*:00000002 direccion
                            *COM*:00000001 dato
C:\Users\USUARI~1\AppData\Local\Temp\ccQwg1HU.s:1939   .text:00000000 $a
C:\Users\USUARI~1\AppData\Local\Temp\ccQwg1HU.s:1942   .text:00000000 Main
C:\Users\USUARI~1\AppData\Local\Temp\ccQwg1HU.s:2001   .text:00000074 $d
                     .debug_frame:00000010 $d

UNDEFINED SYMBOLS
sys_init
Eint4567_init
keyboard_init
iic_init
D8Led_init
D8Led_symbol
